0 info it worked if it ends with ok
1 verbose cli [ '/usr/bin/node', '/usr/bin/npm', 'run', 'dev' ]
2 info using npm@3.10.10
3 info using node@v6.12.2
4 verbose run-script [ 'predev', 'dev', 'postdev' ]
5 info lifecycle superset@0.22.1~predev: superset@0.22.1
6 silly lifecycle superset@0.22.1~predev: no script for predev, continuing
7 info lifecycle superset@0.22.1~dev: superset@0.22.1
8 verbose lifecycle superset@0.22.1~dev: unsafe-perm in lifecycle true
9 verbose lifecycle superset@0.22.1~dev: PATH: /usr/lib/node_modules/npm/bin/node-gyp-bin:/usr/lib/python2.7/site-packages/superset/static/assets/node_modules/.bin:/usr/local/sbin:/usr/local/bin:/usr/sbin:/usr/bin:/root/bin
10 verbose lifecycle superset@0.22.1~dev: CWD: /usr/lib/python2.7/site-packages/superset/static/assets
11 silly lifecycle superset@0.22.1~dev: Args: [ '-c',
11 silly lifecycle   'NODE_ENV=dev webpack --watch --colors --progress --debug --output-pathinfo --devtool inline-source-map' ]
12 info lifecycle superset@0.22.1~dev: Failed to exec dev script
13 verbose stack Error: superset@0.22.1 dev: `NODE_ENV=dev webpack --watch --colors --progress --debug --output-pathinfo --devtool inline-source-map`
13 verbose stack spawn ENOENT
13 verbose stack     at ChildProcess.<anonymous> (/usr/lib/node_modules/npm/lib/utils/spawn.js:33:16)
13 verbose stack     at emitTwo (events.js:106:13)
13 verbose stack     at ChildProcess.emit (events.js:191:7)
13 verbose stack     at maybeClose (internal/child_process.js:920:16)
13 verbose stack     at Process.ChildProcess._handle.onexit (internal/child_process.js:230:5)
14 verbose pkgid superset@0.22.1
15 verbose cwd /usr/lib/python2.7/site-packages/superset/static/assets
16 error Linux 3.10.0-514.el7.x86_64
17 error argv "/usr/bin/node" "/usr/bin/npm" "run" "dev"
18 error node v6.12.2
19 error npm  v3.10.10
20 error file sh
21 error code ELIFECYCLE
22 error errno ENOENT
23 error syscall spawn
24 error superset@0.22.1 dev: `NODE_ENV=dev webpack --watch --colors --progress --debug --output-pathinfo --devtool inline-source-map`
24 error spawn ENOENT
25 error Failed at the superset@0.22.1 dev script 'NODE_ENV=dev webpack --watch --colors --progress --debug --output-pathinfo --devtool inline-source-map'.
25 error Make sure you have the latest version of node.js and npm installed.
25 error If you do, this is most likely a problem with the superset package,
25 error not with npm itself.
25 error Tell the author that this fails on your system:
25 error     NODE_ENV=dev webpack --watch --colors --progress --debug --output-pathinfo --devtool inline-source-map
25 error You can get information on how to open an issue for this project with:
25 error     npm bugs superset
25 error Or if that isn't available, you can get their info via:
25 error     npm owner ls superset
25 error There is likely additional logging output above.
26 verbose exit [ 1, true ]
